c:\users\o7716\onedrive\desktop\newgitchat\projectchat\gameserver\debug\server\vc142.pdb
c:\users\o7716\onedrive\desktop\newgitchat\projectchat\gameserver\debug\server\vc142.idb
c:\users\o7716\onedrive\desktop\newgitchat\projectchat\gameserver\debug\server\sessionmanager.obj
c:\users\o7716\onedrive\desktop\newgitchat\projectchat\gameserver\debug\server\session.obj
c:\users\o7716\onedrive\desktop\newgitchat\projectchat\gameserver\debug\server\serverpackethandler.obj
c:\users\o7716\onedrive\desktop\newgitchat\projectchat\gameserver\debug\server\roommanager.obj
c:\users\o7716\onedrive\desktop\newgitchat\projectchat\gameserver\debug\server\room.obj
c:\users\o7716\onedrive\desktop\newgitchat\projectchat\gameserver\debug\server\mainserver.obj
c:\users\o7716\onedrive\desktop\newgitchat\projectchat\gameserver\debug\server\main.obj
c:\users\o7716\onedrive\desktop\newgitchat\projectchat\gameserver\debug\server\clientmanager.obj
c:\users\o7716\onedrive\desktop\newgitchat\projectchat\gameserver\debug\server\client.obj
c:\users\o7716\onedrive\desktop\newgitchat\projectchat\gameserver\debug\server\inputhandler.obj
c:\users\o7716\onedrive\desktop\newgitchat\projectchat\gameserver\debug\server\utility.obj
c:\users\o7716\onedrive\desktop\newgitchat\projectchat\binary\debug\projectchat_server.exe
c:\users\o7716\onedrive\desktop\newgitchat\projectchat\gameserver\debug\server\projectchat_server.ilk
c:\users\o7716\onedrive\desktop\newgitchat\projectchat\binary\debug\projectchat_server.pdb
c:\users\o7716\onedrive\desktop\newgitchat\projectchat\binary\debug\projectchat_server.lib
c:\users\o7716\onedrive\desktop\newgitchat\projectchat\binary\debug\projectchat_server.exp
c:\users\o7716\onedrive\desktop\newgitchat\projectchat\gameserver\debug\server\clientmanager.new.obj.enc
c:\users\o7716\onedrive\desktop\newgitchat\projectchat\gameserver\debug\server\main.new.obj.enc
c:\users\o7716\onedrive\desktop\newgitchat\projectchat\gameserver\debug\server\mainserver.new.obj.enc
c:\users\o7716\onedrive\desktop\newgitchat\projectchat\gameserver\debug\server\roommanager.new.obj.enc
c:\users\o7716\onedrive\desktop\newgitchat\projectchat\gameserver\debug\server\serverpackethandler.new.obj.enc
c:\users\o7716\onedrive\desktop\newgitchat\projectchat\gameserver\debug\server\projectc.acf7dde2.tlog\cl.command.1.tlog
c:\users\o7716\onedrive\desktop\newgitchat\projectchat\gameserver\debug\server\projectc.acf7dde2.tlog\cl.read.1.tlog
c:\users\o7716\onedrive\desktop\newgitchat\projectchat\gameserver\debug\server\projectc.acf7dde2.tlog\cl.write.1.tlog
c:\users\o7716\onedrive\desktop\newgitchat\projectchat\gameserver\debug\server\projectc.acf7dde2.tlog\link.command.1.tlog
c:\users\o7716\onedrive\desktop\newgitchat\projectchat\gameserver\debug\server\projectc.acf7dde2.tlog\link.read.1.tlog
c:\users\o7716\onedrive\desktop\newgitchat\projectchat\gameserver\debug\server\projectc.acf7dde2.tlog\link.write.1.tlog
c:\users\o7716\onedrive\desktop\newgitchat\projectchat\gameserver\debug\server\projectc.acf7dde2.tlog\projectchat_server.write.1u.tlog
