c:\users\o7716\onedrive\desktop\projectchat\server\servercore\x64\debug\servercore.pch
c:\users\o7716\onedrive\desktop\projectchat\server\libraries\debug\servercore.pdb
c:\users\o7716\onedrive\desktop\projectchat\server\libraries\debug\servercore.idb
c:\users\o7716\onedrive\desktop\projectchat\server\servercore\x64\debug\pch.obj
c:\users\o7716\onedrive\desktop\projectchat\server\servercore\x64\debug\corepch.obj
c:\users\o7716\onedrive\desktop\projectchat\server\servercore\x64\debug\bufferreader.obj
c:\users\o7716\onedrive\desktop\projectchat\server\servercore\x64\debug\sendbuffer.obj
c:\users\o7716\onedrive\desktop\projectchat\server\servercore\x64\debug\bufferwriter.obj
c:\users\o7716\onedrive\desktop\projectchat\server\servercore\x64\debug\utility.obj
c:\users\o7716\onedrive\desktop\gitchat\projectchat\servercore\x64\debug\servercore.pch
c:\users\o7716\onedrive\desktop\gitchat\projectchat\libraries\debug\servercore.pdb
c:\users\o7716\onedrive\desktop\gitchat\projectchat\libraries\debug\servercore.idb
c:\users\o7716\onedrive\desktop\gitchat\projectchat\servercore\x64\debug\pch.obj
c:\users\o7716\onedrive\desktop\gitchat\projectchat\servercore\x64\debug\utility.obj
c:\users\o7716\onedrive\desktop\gitchat\projectchat\servercore\x64\debug\sendbuffer.obj
c:\users\o7716\onedrive\desktop\gitchat\projectchat\servercore\x64\debug\corepch.obj
c:\users\o7716\onedrive\desktop\gitchat\projectchat\servercore\x64\debug\bufferwriter.obj
c:\users\o7716\onedrive\desktop\gitchat\projectchat\servercore\x64\debug\bufferreader.obj
c:\users\o7716\onedrive\desktop\newgitchat\projectchat\servercore\x64\debug\servercore.pch
c:\users\o7716\onedrive\desktop\newgitchat\projectchat\libraries\debug\lib\servercore.pdb
c:\users\o7716\onedrive\desktop\newgitchat\projectchat\libraries\debug\lib\servercore.idb
c:\users\o7716\onedrive\desktop\newgitchat\projectchat\servercore\x64\debug\pch.obj
c:\users\o7716\onedrive\desktop\newgitchat\projectchat\servercore\x64\debug\utility.obj
c:\users\o7716\onedrive\desktop\newgitchat\projectchat\servercore\x64\debug\corepch.obj
c:\users\o7716\onedrive\desktop\projectchat\server\libraries\debug\servercore.lib
c:\users\o7716\onedrive\desktop\gitchat\projectchat\libraries\debug\servercore.lib
c:\users\o7716\onedrive\desktop\newgitchat\projectchat\libraries\debug\lib\servercore.lib
c:\users\o7716\onedrive\desktop\newgitchat\projectchat\servercore\x64\debug\bufferreader.obj
c:\users\o7716\onedrive\desktop\newgitchat\projectchat\servercore\x64\debug\bufferwriter.obj
c:\users\o7716\onedrive\desktop\newgitchat\projectchat\servercore\x64\debug\sendbuffer.obj
c:\users\o7716\onedrive\desktop\newgitchat\projectchat\servercore\x64\debug\servercore.tlog\cl.command.1.tlog
c:\users\o7716\onedrive\desktop\newgitchat\projectchat\servercore\x64\debug\servercore.tlog\cl.read.1.tlog
c:\users\o7716\onedrive\desktop\newgitchat\projectchat\servercore\x64\debug\servercore.tlog\cl.write.1.tlog
c:\users\o7716\onedrive\desktop\newgitchat\projectchat\servercore\x64\debug\servercore.tlog\lib-link.read.1.tlog
c:\users\o7716\onedrive\desktop\newgitchat\projectchat\servercore\x64\debug\servercore.tlog\lib-link.write.1.tlog
c:\users\o7716\onedrive\desktop\newgitchat\projectchat\servercore\x64\debug\servercore.tlog\lib.command.1.tlog
